Using pre-set license
Built from '2020.3/staging' branch; Version is '2020.3.3f1 (76626098c1c4) revision 7758432'; Using compiler version '192528614'; Build Type 'Release'
OS: 'Windows 10 Home; OS build 19042.1052; Version 2009; 64bit' Language: 'es' Physical Memory: 12200 MB
BatchMode: 1, IsHumanControllingUs: 0, StartBugReporterOnCrash: 0, Is64bit: 1, IsPro: 0

 COMMAND LINE ARGUMENTS:
C:\Users\ivand\Documents\Unity Editors\2020.3.3f1\Editor\Unity.exe
-adb2
-batchMode
-noUpm
-name
AssetImportWorker0
-projectPath
C:/Users/ivand/Documents/Unity Projects/Juego-Plataformas-Unity-2D/juegoPlataformas
-logFile
Logs/AssetImportWorker0.log
-srvPort
58229
Successfully changed project path to: C:/Users/ivand/Documents/Unity Projects/Juego-Plataformas-Unity-2D/juegoPlataformas
C:/Users/ivand/Documents/Unity Projects/Juego-Plataformas-Unity-2D/juegoPlataformas
Using Asset Import Pipeline V2.
Refreshing native plugins compatible for Editor in 81.12 ms, found 1 plugins.
Preloading 0 native plugins for Editor in 0.00 ms.
Initialize engine version: 2020.3.3f1 (76626098c1c4)
[Subsystems] Discovering subsystems at path C:/Users/ivand/Documents/Unity Editors/2020.3.3f1/Editor/Data/Resources/UnitySubsystems
[Subsystems] Discovering subsystems at path C:/Users/ivand/Documents/Unity Projects/Juego-Plataformas-Unity-2D/juegoPlataformas/Assets
GfxDevice: creating device client; threaded=0
Direct3D:
    Version:  Direct3D 11.0 [level 11.1]
    Renderer: AMD Radeon (TM) R5 M330 (ID=0x6660)
    Vendor:   
    VRAM:     2039 MB
    Driver:   27.20.14501.28009
Initialize mono
Mono path[0] = 'C:/Users/ivand/Documents/Unity Editors/2020.3.3f1/Editor/Data/Managed'
Mono path[1] = 'C:/Users/ivand/Documents/Unity Editors/2020.3.3f1/Editor/Data/MonoBleedingEdge/lib/mono/unityjit'
Mono config path = 'C:/Users/ivand/Documents/Unity Editors/2020.3.3f1/Editor/Data/MonoBleedingEdge/etc'
Using monoOptions --debugger-agent=transport=dt_socket,embedding=1,server=y,suspend=n,address=127.0.0.1:56520
Begin MonoManager ReloadAssembly
Registering precompiled unity dll's ...
Register platform support module: C:/Users/ivand/Documents/Unity Editors/2020.3.3f1/Editor/Data/PlaybackEngines/WindowsStandaloneSupport/UnityEditor.WindowsStandalone.Extensions.dll
Registered in 0.007799 seconds.
Native extension for WindowsStandalone target not found
Refreshing native plugins compatible for Editor in 76.05 ms, found 1 plugins.
Preloading 0 native plugins for Editor in 0.00 ms.
Invoked RoslynAnalysisRunner static constructor.
RoslynAnalysisRunner will not be running.
RoslynAnalysisRunner has terminated.
Mono: successfully reloaded assembly
- Completed reload, in  4.869 seconds
Platform modules already initialized, skipping
Registering precompiled user dll's ...
Registered in 0.001944 seconds.
Begin MonoManager ReloadAssembly
Native extension for WindowsStandalone target not found
Refreshing native plugins compatible for Editor in 146.09 ms, found 1 plugins.
Preloading 0 native plugins for Editor in 0.00 ms.
Invoked RoslynAnalysisRunner static constructor.
RoslynAnalysisRunner will not be running.
RoslynAnalysisRunner has terminated.
Mono: successfully reloaded assembly
- Completed reload, in  3.066 seconds
Platform modules already initialized, skipping
========================================================================
Worker process is ready to serve import requests
Launched and connected shader compiler UnityShaderCompiler.exe after 0.26 seconds
Refreshing native plugins compatible for Editor in 0.51 ms, found 1 plugins.
Preloading 0 native plugins for Editor in 0.00 ms.
Unloading 1808 Unused Serialized files (Serialized files now loaded: 0)
System memory in use before: 85.5 MB.
System memory in use after: 85.4 MB.

Unloading 24 unused Assets to reduce memory usage. Loaded Objects now: 2250.
Total: 5.421500 ms (FindLiveObjects: 0.305800 ms CreateObjectMapping: 0.173700 ms MarkObjects: 4.569300 ms  DeleteObjects: 0.369500 ms)

========================================================================
Received Import Request.
  path: Assets/sprites
  artifactKey: Guid(1c2b9e5325512104790cb39ae916de32) Importer(815301076,1909f56bfc062723c751e8b465ee728b)
Start importing Assets/sprites using Guid(1c2b9e5325512104790cb39ae916de32) Importer(815301076,1909f56bfc062723c751e8b465ee728b)  -> (artifact id: '2b1c09ef788a41539bd7ab2a18d6bed7') in 0.029518 seconds
  Import took 0.060771 seconds .

========================================================================
Received Import Request.
  Time since last request: 3847.044751 seconds.
  path: Assets/sprites/Free
  artifactKey: Guid(e6577bf3bf5ef7a47aeb80dbd7e9348d) Importer(815301076,1909f56bfc062723c751e8b465ee728b)
Start importing Assets/sprites/Free using Guid(e6577bf3bf5ef7a47aeb80dbd7e9348d) Importer(815301076,1909f56bfc062723c751e8b465ee728b)  -> (artifact id: 'c92102a6da62ce91f9a6933c349f5cfb') in 0.054813 seconds
  Import took 0.063494 seconds .

========================================================================
Received Import Request.
  Time since last request: 0.000662 seconds.
  path: Assets/sprites/Free/Hello.png
  artifactKey: Guid(aeff2b8dc208ed1409fd55b85192f240) Importer(815301076,1909f56bfc062723c751e8b465ee728b)
Start importing Assets/sprites/Free/Hello.png using Guid(aeff2b8dc208ed1409fd55b85192f240) Importer(815301076,1909f56bfc062723c751e8b465ee728b)  -> (artifact id: '7c89dc2d3bcee8d5d780e0a52c925996') in 0.573289 seconds
  Import took 0.582343 seconds .

========================================================================
Received Import Request.
  Time since last request: 0.001345 seconds.
  path: Assets/sprites/Free/20 Enemies.png
  artifactKey: Guid(c6d77f4e868d80443b3517df096d44f0) Importer(815301076,1909f56bfc062723c751e8b465ee728b)
Start importing Assets/sprites/Free/20 Enemies.png using Guid(c6d77f4e868d80443b3517df096d44f0) Importer(815301076,1909f56bfc062723c751e8b465ee728b)  -> (artifact id: '641e1b84abdd5782faf1d830fafb1360') in 0.071665 seconds
  Import took 0.078854 seconds .

========================================================================
Received Import Request.
  Time since last request: 5.655614 seconds.
  path: Assets/sprites/Free/Main Characters
  artifactKey: Guid(4166c55adbe0b1a46b3a712522d8cb39) Importer(815301076,1909f56bfc062723c751e8b465ee728b)
Start importing Assets/sprites/Free/Main Characters using Guid(4166c55adbe0b1a46b3a712522d8cb39) Importer(815301076,1909f56bfc062723c751e8b465ee728b)  -> (artifact id: 'e51eaafa48b52e8fa5d39ca4ad28bf56') in 0.027561 seconds
  Import took 0.037614 seconds .

========================================================================
Received Import Request.
  Time since last request: 0.037624 seconds.
  path: Assets/sprites/Free/Main Characters/Appearing (96x96).png
  artifactKey: Guid(8f041b7031a70304ebbc5ea8b10df0d9) Importer(815301076,1909f56bfc062723c751e8b465ee728b)
Start importing Assets/sprites/Free/Main Characters/Appearing (96x96).png using Guid(8f041b7031a70304ebbc5ea8b10df0d9) Importer(815301076,1909f56bfc062723c751e8b465ee728b)  -> (artifact id: '73f3e0051552df3cece4228cd3df3cb3') in 0.051267 seconds
  Import took 0.060472 seconds .

========================================================================
Received Import Request.
  Time since last request: 0.000378 seconds.
  path: Assets/sprites/Free/Main Characters/Desappearing (96x96).png
  artifactKey: Guid(c338c4fb170d85f46bda9cebdd6db65e) Importer(815301076,1909f56bfc062723c751e8b465ee728b)
Start importing Assets/sprites/Free/Main Characters/Desappearing (96x96).png using Guid(c338c4fb170d85f46bda9cebdd6db65e) Importer(815301076,1909f56bfc062723c751e8b465ee728b)  -> (artifact id: '015cb8976a4e5db88dd93de88e7dbdf4') in 0.087852 seconds
  Import took 0.095318 seconds .

========================================================================
Received Import Request.
  Time since last request: 2.731767 seconds.
  path: Assets/sprites/Free/Main Characters/Mask Dude
  artifactKey: Guid(e8e9cf2c5c23996438bb0f3ad0f13b85) Importer(815301076,1909f56bfc062723c751e8b465ee728b)
Start importing Assets/sprites/Free/Main Characters/Mask Dude using Guid(e8e9cf2c5c23996438bb0f3ad0f13b85) Importer(815301076,1909f56bfc062723c751e8b465ee728b)  -> (artifact id: 'e1469418a7a3c243d67e4e0e886986f4') in 0.028408 seconds
  Import took 0.036014 seconds .

========================================================================
Received Import Request.
  Time since last request: 0.038664 seconds.
  path: Assets/sprites/Free/Main Characters/Mask Dude/Double Jump (32x32).png
  artifactKey: Guid(45294e3c6225eab478478dc14d830be9) Importer(815301076,1909f56bfc062723c751e8b465ee728b)
Start importing Assets/sprites/Free/Main Characters/Mask Dude/Double Jump (32x32).png using Guid(45294e3c6225eab478478dc14d830be9) Importer(815301076,1909f56bfc062723c751e8b465ee728b)  -> (artifact id: 'dbbf5a094b0e7eef10f34082058ac5ef') in 0.055305 seconds
  Import took 0.063116 seconds .

========================================================================
Received Import Request.
  Time since last request: 0.000415 seconds.
  path: Assets/sprites/Free/Main Characters/Mask Dude/Hit (32x32).png
  artifactKey: Guid(25b9d99b2bd9f624195767b8e046ad8f) Importer(815301076,1909f56bfc062723c751e8b465ee728b)
Start importing Assets/sprites/Free/Main Characters/Mask Dude/Hit (32x32).png using Guid(25b9d99b2bd9f624195767b8e046ad8f) Importer(815301076,1909f56bfc062723c751e8b465ee728b)  -> (artifact id: 'a19d791539fea0c2b62ddb3a0b711f88') in 0.050209 seconds
  Import took 0.063732 seconds .

========================================================================
Received Import Request.
  Time since last request: 0.000437 seconds.
  path: Assets/sprites/Free/Main Characters/Mask Dude/Jump (32x32).png
  artifactKey: Guid(2ddaaef1963b64c4b94a498112ba73e4) Importer(815301076,1909f56bfc062723c751e8b465ee728b)
Start importing Assets/sprites/Free/Main Characters/Mask Dude/Jump (32x32).png using Guid(2ddaaef1963b64c4b94a498112ba73e4) Importer(815301076,1909f56bfc062723c751e8b465ee728b)  -> (artifact id: '9fa76821f5d6bf7e2be2333b692c358c') in 0.049804 seconds
  Import took 0.063114 seconds .

========================================================================
Received Import Request.
  Time since last request: 0.000846 seconds.
  path: Assets/sprites/Free/Main Characters/Mask Dude/Fall (32x32).png
  artifactKey: Guid(9368ed1308f1537408a62c437b4a6090) Importer(815301076,1909f56bfc062723c751e8b465ee728b)
Start importing Assets/sprites/Free/Main Characters/Mask Dude/Fall (32x32).png using Guid(9368ed1308f1537408a62c437b4a6090) Importer(815301076,1909f56bfc062723c751e8b465ee728b)  -> (artifact id: '3a49b587852c8a3877e506a42aafa23c') in 0.046581 seconds
  Import took 0.054446 seconds .

========================================================================
Received Import Request.
  Time since last request: 0.000448 seconds.
  path: Assets/sprites/Free/Main Characters/Mask Dude/Run (32x32).png
  artifactKey: Guid(c2ef3c7330df1b749bf0a617fe697972) Importer(815301076,1909f56bfc062723c751e8b465ee728b)
Start importing Assets/sprites/Free/Main Characters/Mask Dude/Run (32x32).png using Guid(c2ef3c7330df1b749bf0a617fe697972) Importer(815301076,1909f56bfc062723c751e8b465ee728b)  -> (artifact id: '555155e94a1a5c3ebbe9a8f8be896478') in 0.103230 seconds
  Import took 0.110528 seconds .

========================================================================
Received Import Request.
  Time since last request: 0.000362 seconds.
  path: Assets/sprites/Free/Main Characters/Mask Dude/Idle (32x32).png
  artifactKey: Guid(c4c3c46ecdb5ff44ab6572dc145cb8b2) Importer(815301076,1909f56bfc062723c751e8b465ee728b)
Start importing Assets/sprites/Free/Main Characters/Mask Dude/Idle (32x32).png using Guid(c4c3c46ecdb5ff44ab6572dc145cb8b2) Importer(815301076,1909f56bfc062723c751e8b465ee728b)  -> (artifact id: '888ec04f0ab94f21a11370e57b516d69') in 0.094585 seconds
  Import took 0.102324 seconds .

========================================================================
Received Import Request.
  Time since last request: 0.000374 seconds.
  path: Assets/sprites/Free/Main Characters/Mask Dude/Wall Jump (32x32).png
  artifactKey: Guid(e288ef1ef1e23044e928b3817f8af67f) Importer(815301076,1909f56bfc062723c751e8b465ee728b)
Start importing Assets/sprites/Free/Main Characters/Mask Dude/Wall Jump (32x32).png using Guid(e288ef1ef1e23044e928b3817f8af67f) Importer(815301076,1909f56bfc062723c751e8b465ee728b)  -> (artifact id: 'd698c6f5eafdc853d655ebd59cf7bcb6') in 0.046723 seconds
  Import took 0.053007 seconds .

========================================================================
Received Import Request.
  Time since last request: 46.875217 seconds.
  path: Assets/sprites/Free/Main Characters/Mask Dude/Jump (32x32).png
  artifactKey: Guid(2ddaaef1963b64c4b94a498112ba73e4) Importer(815301076,1909f56bfc062723c751e8b465ee728b)
Start importing Assets/sprites/Free/Main Characters/Mask Dude/Jump (32x32).png using Guid(2ddaaef1963b64c4b94a498112ba73e4) Importer(815301076,1909f56bfc062723c751e8b465ee728b)  -> (artifact id: 'e6ca6cf2b3e8f486467eda24986c3f49') in 0.031009 seconds
  Import took 0.039650 seconds .

========================================================================
Received Import Request.
  Time since last request: 0.018028 seconds.
  path: Assets/sprites/Free/Main Characters/Mask Dude/Double Jump (32x32).png
  artifactKey: Guid(45294e3c6225eab478478dc14d830be9) Importer(815301076,1909f56bfc062723c751e8b465ee728b)
Start importing Assets/sprites/Free/Main Characters/Mask Dude/Double Jump (32x32).png using Guid(45294e3c6225eab478478dc14d830be9) Importer(815301076,1909f56bfc062723c751e8b465ee728b)  -> (artifact id: '93a660f809f13c3f2e2115457aad5ab4') in 0.051065 seconds
  Import took 0.076748 seconds .

========================================================================
Received Import Request.
  Time since last request: 0.000447 seconds.
  path: Assets/sprites/Free/Main Characters/Mask Dude/Hit (32x32).png
  artifactKey: Guid(25b9d99b2bd9f624195767b8e046ad8f) Importer(815301076,1909f56bfc062723c751e8b465ee728b)
Start importing Assets/sprites/Free/Main Characters/Mask Dude/Hit (32x32).png using Guid(25b9d99b2bd9f624195767b8e046ad8f) Importer(815301076,1909f56bfc062723c751e8b465ee728b)  -> (artifact id: '41d28fe5e160a01d0afd0f8e6980691a') in 0.040472 seconds
  Import took 0.064854 seconds .

========================================================================
Received Import Request.
  Time since last request: 0.001018 seconds.
  path: Assets/sprites/Free/Main Characters/Mask Dude/Fall (32x32).png
  artifactKey: Guid(9368ed1308f1537408a62c437b4a6090) Importer(815301076,1909f56bfc062723c751e8b465ee728b)
Start importing Assets/sprites/Free/Main Characters/Mask Dude/Fall (32x32).png using Guid(9368ed1308f1537408a62c437b4a6090) Importer(815301076,1909f56bfc062723c751e8b465ee728b)  -> (artifact id: '5bf57ed4a7b6edc171db9349d497311e') in 0.031463 seconds
  Import took 0.042920 seconds .

========================================================================
Received Import Request.
  Time since last request: 0.000516 seconds.
  path: Assets/sprites/Free/Main Characters/Mask Dude/Run (32x32).png
  artifactKey: Guid(c2ef3c7330df1b749bf0a617fe697972) Importer(815301076,1909f56bfc062723c751e8b465ee728b)
Start importing Assets/sprites/Free/Main Characters/Mask Dude/Run (32x32).png using Guid(c2ef3c7330df1b749bf0a617fe697972) Importer(815301076,1909f56bfc062723c751e8b465ee728b)  -> (artifact id: '278fd240419c68f5812f2698ff3b5856') in 0.088295 seconds
  Import took 0.101093 seconds .

========================================================================
Received Import Request.
  Time since last request: 0.000702 seconds.
  path: Assets/sprites/Free/Main Characters/Mask Dude/Idle (32x32).png
  artifactKey: Guid(c4c3c46ecdb5ff44ab6572dc145cb8b2) Importer(815301076,1909f56bfc062723c751e8b465ee728b)
Start importing Assets/sprites/Free/Main Characters/Mask Dude/Idle (32x32).png using Guid(c4c3c46ecdb5ff44ab6572dc145cb8b2) Importer(815301076,1909f56bfc062723c751e8b465ee728b)  -> (artifact id: '0944e21bdf6e38df33fb4b295d94c230') in 0.135900 seconds
  Import took 0.146422 seconds .

========================================================================
Received Import Request.
  Time since last request: 0.004265 seconds.
  path: Assets/sprites/Free/Main Characters/Mask Dude/Wall Jump (32x32).png
  artifactKey: Guid(e288ef1ef1e23044e928b3817f8af67f) Importer(815301076,1909f56bfc062723c751e8b465ee728b)
Start importing Assets/sprites/Free/Main Characters/Mask Dude/Wall Jump (32x32).png using Guid(e288ef1ef1e23044e928b3817f8af67f) Importer(815301076,1909f56bfc062723c751e8b465ee728b)  -> (artifact id: '99cf584c48ce776a75343eb87e846ea2') in 0.045368 seconds
  Import took 0.056672 seconds .

========================================================================
Received Import Request.
  Time since last request: 9.110449 seconds.
  path: Assets/sprites/Free/Main Characters/Mask Dude/Idle (32x32).png
  artifactKey: Guid(c4c3c46ecdb5ff44ab6572dc145cb8b2) Importer(815301076,1909f56bfc062723c751e8b465ee728b)
Start importing Assets/sprites/Free/Main Characters/Mask Dude/Idle (32x32).png using Guid(c4c3c46ecdb5ff44ab6572dc145cb8b2) Importer(815301076,1909f56bfc062723c751e8b465ee728b)  -> (artifact id: '75ece00fa1940f8bad274d85fa0c0892') in 0.030289 seconds
  Import took 0.042004 seconds .

========================================================================
Received Import Request.
  Time since last request: 0.000454 seconds.
  path: Assets/sprites/Free/Main Characters/Mask Dude/Run (32x32).png
  artifactKey: Guid(c2ef3c7330df1b749bf0a617fe697972) Importer(815301076,1909f56bfc062723c751e8b465ee728b)
Start importing Assets/sprites/Free/Main Characters/Mask Dude/Run (32x32).png using Guid(c2ef3c7330df1b749bf0a617fe697972) Importer(815301076,1909f56bfc062723c751e8b465ee728b)  -> (artifact id: 'a6d7ddf0e0ba56d0488b1454e91053a1') in 0.031787 seconds
  Import took 0.037366 seconds .

========================================================================
Received Import Request.
  Time since last request: 147.560138 seconds.
  path: Assets/sprites/Free/Main Characters/Mask Dude/Double Jump (32x32).png
  artifactKey: Guid(45294e3c6225eab478478dc14d830be9) Importer(815301076,1909f56bfc062723c751e8b465ee728b)
Start importing Assets/sprites/Free/Main Characters/Mask Dude/Double Jump (32x32).png using Guid(45294e3c6225eab478478dc14d830be9) Importer(815301076,1909f56bfc062723c751e8b465ee728b)  -> (artifact id: 'ba24ec74eab1f95d151add79e911d09e') in 0.035888 seconds
  Import took 0.049035 seconds .

========================================================================
Received Import Request.
  Time since last request: 0.000589 seconds.
  path: Assets/sprites/Free/Main Characters/Mask Dude/Hit (32x32).png
  artifactKey: Guid(25b9d99b2bd9f624195767b8e046ad8f) Importer(815301076,1909f56bfc062723c751e8b465ee728b)
Start importing Assets/sprites/Free/Main Characters/Mask Dude/Hit (32x32).png using Guid(25b9d99b2bd9f624195767b8e046ad8f) Importer(815301076,1909f56bfc062723c751e8b465ee728b)  -> (artifact id: '30dc097e024e43a779512a8ea939d195') in 0.033739 seconds
  Import took 0.048326 seconds .

========================================================================
Received Import Request.
  Time since last request: 0.000474 seconds.
  path: Assets/sprites/Free/Main Characters/Mask Dude/Jump (32x32).png
  artifactKey: Guid(2ddaaef1963b64c4b94a498112ba73e4) Importer(815301076,1909f56bfc062723c751e8b465ee728b)
Start importing Assets/sprites/Free/Main Characters/Mask Dude/Jump (32x32).png using Guid(2ddaaef1963b64c4b94a498112ba73e4) Importer(815301076,1909f56bfc062723c751e8b465ee728b)  -> (artifact id: 'c5bdd507c627fcf9211989a461cd7887') in 0.033998 seconds
  Import took 0.046258 seconds .

========================================================================
Received Import Request.
  Time since last request: 0.000446 seconds.
  path: Assets/sprites/Free/Main Characters/Mask Dude/Fall (32x32).png
  artifactKey: Guid(9368ed1308f1537408a62c437b4a6090) Importer(815301076,1909f56bfc062723c751e8b465ee728b)
Start importing Assets/sprites/Free/Main Characters/Mask Dude/Fall (32x32).png using Guid(9368ed1308f1537408a62c437b4a6090) Importer(815301076,1909f56bfc062723c751e8b465ee728b)  -> (artifact id: '8c37d962161d4f762a2081478eb0691c') in 0.034203 seconds
  Import took 0.048441 seconds .

========================================================================
Received Import Request.
  Time since last request: 0.000488 seconds.
  path: Assets/sprites/Free/Main Characters/Mask Dude/Run (32x32).png
  artifactKey: Guid(c2ef3c7330df1b749bf0a617fe697972) Importer(815301076,1909f56bfc062723c751e8b465ee728b)
Start importing Assets/sprites/Free/Main Characters/Mask Dude/Run (32x32).png using Guid(c2ef3c7330df1b749bf0a617fe697972) Importer(815301076,1909f56bfc062723c751e8b465ee728b)  -> (artifact id: '5c66f4bca8ac9f5807daf7aa0a04bb10') in 0.032607 seconds
  Import took 0.045059 seconds .

========================================================================
Received Import Request.
  Time since last request: 0.000537 seconds.
  path: Assets/sprites/Free/Main Characters/Mask Dude/Idle (32x32).png
  artifactKey: Guid(c4c3c46ecdb5ff44ab6572dc145cb8b2) Importer(815301076,1909f56bfc062723c751e8b465ee728b)
Start importing Assets/sprites/Free/Main Characters/Mask Dude/Idle (32x32).png using Guid(c4c3c46ecdb5ff44ab6572dc145cb8b2) Importer(815301076,1909f56bfc062723c751e8b465ee728b)  -> (artifact id: 'ae41fb691e9c8761ac9f1e6d9af48ebd') in 0.050631 seconds
  Import took 0.061259 seconds .

========================================================================
Received Import Request.
  Time since last request: 0.000468 seconds.
  path: Assets/sprites/Free/Main Characters/Mask Dude/Wall Jump (32x32).png
  artifactKey: Guid(e288ef1ef1e23044e928b3817f8af67f) Importer(815301076,1909f56bfc062723c751e8b465ee728b)
Start importing Assets/sprites/Free/Main Characters/Mask Dude/Wall Jump (32x32).png using Guid(e288ef1ef1e23044e928b3817f8af67f) Importer(815301076,1909f56bfc062723c751e8b465ee728b)  -> (artifact id: '8f2dba88c3ef3337ac72f430ebd0f3ae') in 0.029368 seconds
  Import took 0.036349 seconds .

========================================================================
Received Import Request.
  Time since last request: 0.010427 seconds.
  path: Assets/sprites/Free/Main Characters/Mask Dude/Wall Jump (32x32).png
  artifactKey: Guid(e288ef1ef1e23044e928b3817f8af67f) Importer(815301076,1909f56bfc062723c751e8b465ee728b)
Start importing Assets/sprites/Free/Main Characters/Mask Dude/Wall Jump (32x32).png using Guid(e288ef1ef1e23044e928b3817f8af67f) Importer(815301076,1909f56bfc062723c751e8b465ee728b)  -> (artifact id: '8f2dba88c3ef3337ac72f430ebd0f3ae') in 0.034318 seconds
  Import took 0.049336 seconds .

========================================================================
Received Import Request.
  Time since last request: 228.550219 seconds.
  path: Assets/sprites/Free/Main Characters/Mask Dude/Idle (32x32).png
  artifactKey: Guid(c4c3c46ecdb5ff44ab6572dc145cb8b2) Importer(815301076,1909f56bfc062723c751e8b465ee728b)
Start importing Assets/sprites/Free/Main Characters/Mask Dude/Idle (32x32).png using Guid(c4c3c46ecdb5ff44ab6572dc145cb8b2) Importer(815301076,1909f56bfc062723c751e8b465ee728b)  -> (artifact id: '7f5784b5695cd59cc85f71371fab3f21') in 0.077609 seconds
  Import took 0.092049 seconds .

========================================================================
Received Import Request.
  Time since last request: 63.303004 seconds.
  path: Assets/sprites/Free/Main Characters/Mask Dude/Idle (32x32).png
  artifactKey: Guid(c4c3c46ecdb5ff44ab6572dc145cb8b2) Importer(815301076,1909f56bfc062723c751e8b465ee728b)
Start importing Assets/sprites/Free/Main Characters/Mask Dude/Idle (32x32).png using Guid(c4c3c46ecdb5ff44ab6572dc145cb8b2) Importer(815301076,1909f56bfc062723c751e8b465ee728b)  -> (artifact id: '926d958e386d42614d0681429c7b8d9e') in 0.080335 seconds
  Import took 0.113632 seconds .

========================================================================
Received Import Request.
  Time since last request: 23.474210 seconds.
  path: Assets/sprites/Free/Main Characters/Mask Dude/Run (32x32).png
  artifactKey: Guid(c2ef3c7330df1b749bf0a617fe697972) Importer(815301076,1909f56bfc062723c751e8b465ee728b)
Start importing Assets/sprites/Free/Main Characters/Mask Dude/Run (32x32).png using Guid(c2ef3c7330df1b749bf0a617fe697972) Importer(815301076,1909f56bfc062723c751e8b465ee728b)  -> (artifact id: 'b3767a87ea282568764522e8a23c32ed') in 0.100629 seconds
  Import took 0.111019 seconds .

========================================================================
Received Prepare
Registering precompiled user dll's ...
Registered in 0.002272 seconds.
Begin MonoManager ReloadAssembly
Native extension for WindowsStandalone target not found
Refreshing native plugins compatible for Editor in 0.53 ms, found 1 plugins.
Preloading 0 native plugins for Editor in 0.00 ms.
Invoked RoslynAnalysisRunner static constructor.
RoslynAnalysisRunner will not be running.
RoslynAnalysisRunner has terminated.
Mono: successfully reloaded assembly
- Completed reload, in  2.747 seconds
Platform modules already initialized, skipping
Refreshing native plugins compatible for Editor in 0.61 ms, found 1 plugins.
Preloading 0 native plugins for Editor in 0.00 ms.
Unloading 1804 Unused Serialized files (Serialized files now loaded: 0)
System memory in use before: 88.6 MB.
System memory in use after: 88.6 MB.

Unloading 12 unused Assets to reduce memory usage. Loaded Objects now: 2273.
Total: 6.272700 ms (FindLiveObjects: 0.508600 ms CreateObjectMapping: 0.162500 ms MarkObjects: 5.398500 ms  DeleteObjects: 0.200300 ms)

========================================================================
Received Prepare
Registering precompiled user dll's ...
Registered in 0.002411 seconds.
Begin MonoManager ReloadAssembly
Native extension for WindowsStandalone target not found
Refreshing native plugins compatible for Editor in 0.84 ms, found 1 plugins.
Preloading 0 native plugins for Editor in 0.00 ms.
Invoked RoslynAnalysisRunner static constructor.
RoslynAnalysisRunner will not be running.
RoslynAnalysisRunner has terminated.
Mono: successfully reloaded assembly
- Completed reload, in  2.688 seconds
Platform modules already initialized, skipping
Refreshing native plugins compatible for Editor in 0.89 ms, found 1 plugins.
Preloading 0 native plugins for Editor in 0.00 ms.
Unloading 1804 Unused Serialized files (Serialized files now loaded: 0)
System memory in use before: 88.6 MB.
System memory in use after: 88.6 MB.

Unloading 12 unused Assets to reduce memory usage. Loaded Objects now: 2277.
Total: 3.872300 ms (FindLiveObjects: 0.328700 ms CreateObjectMapping: 0.166100 ms MarkObjects: 3.119200 ms  DeleteObjects: 0.255400 ms)

========================================================================
Received Prepare
Registering precompiled user dll's ...
Registered in 0.004495 seconds.
Begin MonoManager ReloadAssembly
Native extension for WindowsStandalone target not found
Refreshing native plugins compatible for Editor in 0.65 ms, found 1 plugins.
Preloading 0 native plugins for Editor in 0.00 ms.
Invoked RoslynAnalysisRunner static constructor.
RoslynAnalysisRunner will not be running.
RoslynAnalysisRunner has terminated.
Mono: successfully reloaded assembly
- Completed reload, in  2.191 seconds
Platform modules already initialized, skipping
Refreshing native plugins compatible for Editor in 1.37 ms, found 1 plugins.
Preloading 0 native plugins for Editor in 0.00 ms.
Unloading 1804 Unused Serialized files (Serialized files now loaded: 0)
System memory in use before: 88.6 MB.
System memory in use after: 88.6 MB.

Unloading 12 unused Assets to reduce memory usage. Loaded Objects now: 2281.
Total: 4.578200 ms (FindLiveObjects: 0.608000 ms CreateObjectMapping: 0.230100 ms MarkObjects: 3.559200 ms  DeleteObjects: 0.177400 ms)

========================================================================
Received Prepare
Registering precompiled user dll's ...
Registered in 0.002728 seconds.
Begin MonoManager ReloadAssembly
Native extension for WindowsStandalone target not found
Refreshing native plugins compatible for Editor in 0.89 ms, found 1 plugins.
Preloading 0 native plugins for Editor in 0.00 ms.
Invoked RoslynAnalysisRunner static constructor.
RoslynAnalysisRunner will not be running.
RoslynAnalysisRunner has terminated.
Mono: successfully reloaded assembly
- Completed reload, in  2.781 seconds
Platform modules already initialized, skipping
Refreshing native plugins compatible for Editor in 0.56 ms, found 1 plugins.
Preloading 0 native plugins for Editor in 0.00 ms.
Unloading 1804 Unused Serialized files (Serialized files now loaded: 0)
System memory in use before: 88.7 MB.
System memory in use after: 88.6 MB.

Unloading 12 unused Assets to reduce memory usage. Loaded Objects now: 2285.
Total: 4.895800 ms (FindLiveObjects: 0.469500 ms CreateObjectMapping: 0.187000 ms MarkObjects: 3.989800 ms  DeleteObjects: 0.247300 ms)

========================================================================
Received Prepare
Registering precompiled user dll's ...
Registered in 0.002577 seconds.
Begin MonoManager ReloadAssembly
Native extension for WindowsStandalone target not found
Refreshing native plugins compatible for Editor in 0.51 ms, found 1 plugins.
Preloading 0 native plugins for Editor in 0.00 ms.
Invoked RoslynAnalysisRunner static constructor.
RoslynAnalysisRunner will not be running.
RoslynAnalysisRunner has terminated.
Mono: successfully reloaded assembly
- Completed reload, in  2.476 seconds
Platform modules already initialized, skipping
Refreshing native plugins compatible for Editor in 0.88 ms, found 1 plugins.
Preloading 0 native plugins for Editor in 0.00 ms.
Unloading 1804 Unused Serialized files (Serialized files now loaded: 0)
System memory in use before: 88.7 MB.
System memory in use after: 88.6 MB.

Unloading 12 unused Assets to reduce memory usage. Loaded Objects now: 2289.
Total: 4.409200 ms (FindLiveObjects: 0.365800 ms CreateObjectMapping: 0.179000 ms MarkObjects: 3.596800 ms  DeleteObjects: 0.262400 ms)

========================================================================
Received Prepare
Registering precompiled user dll's ...
Registered in 0.002886 seconds.
Begin MonoManager ReloadAssembly
Native extension for WindowsStandalone target not found
Refreshing native plugins compatible for Editor in 0.51 ms, found 1 plugins.
Preloading 0 native plugins for Editor in 0.00 ms.
Invoked RoslynAnalysisRunner static constructor.
RoslynAnalysisRunner will not be running.
RoslynAnalysisRunner has terminated.
Mono: successfully reloaded assembly
- Completed reload, in  2.262 seconds
Platform modules already initialized, skipping
Refreshing native plugins compatible for Editor in 0.54 ms, found 1 plugins.
Preloading 0 native plugins for Editor in 0.00 ms.
Unloading 1804 Unused Serialized files (Serialized files now loaded: 0)
System memory in use before: 88.7 MB.
System memory in use after: 88.7 MB.

Unloading 12 unused Assets to reduce memory usage. Loaded Objects now: 2293.
Total: 4.432200 ms (FindLiveObjects: 0.691500 ms CreateObjectMapping: 0.295100 ms MarkObjects: 3.172800 ms  DeleteObjects: 0.269700 ms)

========================================================================
Received Prepare
Registering precompiled user dll's ...
Registered in 0.003167 seconds.
Begin MonoManager ReloadAssembly
Native extension for WindowsStandalone target not found
Refreshing native plugins compatible for Editor in 1.12 ms, found 1 plugins.
Preloading 0 native plugins for Editor in 0.00 ms.
Invoked RoslynAnalysisRunner static constructor.
RoslynAnalysisRunner will not be running.
RoslynAnalysisRunner has terminated.
Mono: successfully reloaded assembly
- Completed reload, in  2.415 seconds
Platform modules already initialized, skipping
Refreshing native plugins compatible for Editor in 0.81 ms, found 1 plugins.
Preloading 0 native plugins for Editor in 0.00 ms.
Unloading 1804 Unused Serialized files (Serialized files now loaded: 0)
System memory in use before: 88.7 MB.
System memory in use after: 88.7 MB.

Unloading 12 unused Assets to reduce memory usage. Loaded Objects now: 2297.
Total: 3.818300 ms (FindLiveObjects: 0.318600 ms CreateObjectMapping: 0.159900 ms MarkObjects: 3.102500 ms  DeleteObjects: 0.234000 ms)

========================================================================
Received Import Request.
  Time since last request: 1506.814093 seconds.
  path: ProjectSettings/TagManager.asset
  artifactKey: Guid(00000000000000003000000000000000) Importer(815301076,1909f56bfc062723c751e8b465ee728b)
Start importing ProjectSettings/TagManager.asset using Guid(00000000000000003000000000000000) Importer(815301076,1909f56bfc062723c751e8b465ee728b)  -> (artifact id: '3125bf62d54dbcdd0ce3e4c540a7aa4e') in 0.055433 seconds
  Import took 0.065928 seconds .

========================================================================
Received Prepare
Registering precompiled user dll's ...
Registered in 0.002182 seconds.
Begin MonoManager ReloadAssembly
Native extension for WindowsStandalone target not found
Refreshing native plugins compatible for Editor in 0.97 ms, found 1 plugins.
Preloading 0 native plugins for Editor in 0.00 ms.
Invoked RoslynAnalysisRunner static constructor.
RoslynAnalysisRunner will not be running.
RoslynAnalysisRunner has terminated.
Mono: successfully reloaded assembly
- Completed reload, in  1.994 seconds
Platform modules already initialized, skipping
Refreshing native plugins compatible for Editor in 0.64 ms, found 1 plugins.
Preloading 0 native plugins for Editor in 0.00 ms.
Unloading 1804 Unused Serialized files (Serialized files now loaded: 0)
System memory in use before: 88.7 MB.
System memory in use after: 88.7 MB.

Unloading 13 unused Assets to reduce memory usage. Loaded Objects now: 2301.
Total: 4.441300 ms (FindLiveObjects: 0.562800 ms CreateObjectMapping: 0.205400 ms MarkObjects: 3.478400 ms  DeleteObjects: 0.191300 ms)

========================================================================
Received Prepare
Registering precompiled user dll's ...
Registered in 0.004855 seconds.
Begin MonoManager ReloadAssembly
Native extension for WindowsStandalone target not found
Refreshing native plugins compatible for Editor in 0.84 ms, found 1 plugins.
Preloading 0 native plugins for Editor in 0.00 ms.
Invoked RoslynAnalysisRunner static constructor.
RoslynAnalysisRunner will not be running.
RoslynAnalysisRunner has terminated.
Mono: successfully reloaded assembly
- Completed reload, in  2.472 seconds
Platform modules already initialized, skipping
Refreshing native plugins compatible for Editor in 0.63 ms, found 1 plugins.
Preloading 0 native plugins for Editor in 0.00 ms.
Unloading 1804 Unused Serialized files (Serialized files now loaded: 0)
System memory in use before: 88.7 MB.
System memory in use after: 88.7 MB.

Unloading 12 unused Assets to reduce memory usage. Loaded Objects now: 2305.
Total: 4.590700 ms (FindLiveObjects: 0.515300 ms CreateObjectMapping: 0.182500 ms MarkObjects: 3.721000 ms  DeleteObjects: 0.169400 ms)

========================================================================
Received Prepare
Registering precompiled user dll's ...
Registered in 0.003548 seconds.
Begin MonoManager ReloadAssembly
Native extension for WindowsStandalone target not found
Refreshing native plugins compatible for Editor in 0.55 ms, found 1 plugins.
Preloading 0 native plugins for Editor in 0.00 ms.
Invoked RoslynAnalysisRunner static constructor.
RoslynAnalysisRunner will not be running.
RoslynAnalysisRunner has terminated.
Mono: successfully reloaded assembly
- Completed reload, in  1.873 seconds
Platform modules already initialized, skipping
Refreshing native plugins compatible for Editor in 0.70 ms, found 1 plugins.
Preloading 0 native plugins for Editor in 0.00 ms.
Unloading 1804 Unused Serialized files (Serialized files now loaded: 0)
System memory in use before: 88.7 MB.
System memory in use after: 88.7 MB.

Unloading 12 unused Assets to reduce memory usage. Loaded Objects now: 2309.
Total: 3.461700 ms (FindLiveObjects: 0.380000 ms CreateObjectMapping: 0.119000 ms MarkObjects: 2.779400 ms  DeleteObjects: 0.181200 ms)

AssetImportWorkerClient::OnTransportError - code=2 error=End of file
